c:\users\user\desktop\ig\ig post adri\ig2-ogre\holaogre\debug\vc140.pdb
c:\users\user\desktop\ig\ig post adri\ig2-ogre\holaogre\debug\vc140.idb
c:\users\user\desktop\ig\ig post adri\ig2-ogre\holaogre\debug\bombman.obj
c:\users\user\desktop\ig\ig post adri\ig2-ogre\holaogre\debug\holaapp.obj
c:\users\user\desktop\ig\ig post adri\ig2-ogre\holaogre\debug\knotman.obj
c:\users\user\desktop\ig\ig post adri\ig2-ogre\holaogre\debug\main.obj
c:\users\user\desktop\ig\ig post adri\ig2-ogre\holaogre\debug\myapplicationcontext.obj
c:\users\user\desktop\ig\ig post adri\ig2-ogre\holaogre\debug\panelman.obj
c:\users\user\desktop\ig\ig post adri\ig2-ogre\holaogre\debug\sinbadman.obj
c:\users\user\desktop\ig\ig post adri\ig2-ogre\holaogre\debug\vc120.pdb
c:\users\user\desktop\ig\ig post adri\ig2-ogre\holaogre\debug\vc120.idb
d:\hlocal\3 gdv\1 cuatrimestre\ig ii\practica  2\ig2-ogre\holaogre\debug\vc120.pdb
d:\hlocal\3 gdv\1 cuatrimestre\ig ii\practica  2\ig2-ogre\holaogre\debug\vc120.idb
d:\hlocal\3 gdv\1 cuatrimestre\ig ii\practica  2\ig2-ogre\holaogre\debug\main.obj
d:\hlocal\3 gdv\1 cuatrimestre\ig ii\practica  2\ig2-ogre\holaogre\debug\sinbadman.obj
c:\users\user\desktop\ig\ig post adri\ig2-ogre\bin\holaogredebug.ilk
c:\users\user\desktop\ig\ig post adri\ig2-ogre\bin\holaogredebug.exe
c:\users\user\desktop\ig\ig post adri\ig2-ogre\bin\holaogredebug.pdb
d:\hlocal\3 gdv\1 cuatrimestre\ig ii\practica  2\ig2-ogre\holaogre\debug\bombman.obj
d:\hlocal\3 gdv\1 cuatrimestre\ig ii\practica  2\ig2-ogre\holaogre\debug\holaapp.obj
d:\hlocal\3 gdv\1 cuatrimestre\ig ii\practica  2\ig2-ogre\holaogre\debug\knotman.obj
d:\hlocal\3 gdv\1 cuatrimestre\ig ii\practica  2\ig2-ogre\holaogre\debug\myapplicationcontext.obj
d:\hlocal\3 gdv\1 cuatrimestre\ig ii\practica  2\ig2-ogre\holaogre\debug\panelman.obj
d:\hlocal\3 gdv\1 cuatrimestre\ig ii\practica  2\ig2-ogre\holaogre\debug\vc140.idb
d:\hlocal\3 gdv\1 cuatrimestre\ig ii\practica  2\ig2-ogre\holaogre\debug\vc140.pdb
d:\hlocal\3 gdv\1 cuatrimestre\ig ii\practica  2\ig2-ogre\bin\holaogredebug.pdb
d:\hlocal\3 gdv\1 cuatrimestre\ig ii\practica  2\ig2-ogre\bin\holaogredebug.exe
d:\hlocal\3 gdv\1 cuatrimestre\ig ii\practica  2\ig2-ogre\bin\holaogredebug.ilk
d:\hlocal\3 gdv\1 cuatrimestre\ig ii\practica  2\ig2-ogre\holaogre\debug\holaogre.tlog\cl.command.1.tlog
d:\hlocal\3 gdv\1 cuatrimestre\ig ii\practica  2\ig2-ogre\holaogre\debug\holaogre.tlog\cl.read.1.tlog
d:\hlocal\3 gdv\1 cuatrimestre\ig ii\practica  2\ig2-ogre\holaogre\debug\holaogre.tlog\cl.write.1.tlog
d:\hlocal\3 gdv\1 cuatrimestre\ig ii\practica  2\ig2-ogre\holaogre\debug\holaogre.tlog\link.command.1.tlog
d:\hlocal\3 gdv\1 cuatrimestre\ig ii\practica  2\ig2-ogre\holaogre\debug\holaogre.tlog\link.read.1.tlog
d:\hlocal\3 gdv\1 cuatrimestre\ig ii\practica  2\ig2-ogre\holaogre\debug\holaogre.tlog\link.write.1.tlog
